0 info it worked if it ends with ok
1 verbose cli [ '/Users/npiccolotto/.nvm/versions/v6.3.0/bin/node',
1 verbose cli   '/Users/npiccolotto/.nvm/versions/v6.3.0/bin/npm',
1 verbose cli   'run',
1 verbose cli   'test:watch' ]
2 info using npm@3.10.3
3 info using node@v6.3.0
4 verbose run-script [ 'pretest:watch', 'test:watch', 'posttest:watch' ]
5 info lifecycle vindinium-ai@1.0.0~pretest:watch: vindinium-ai@1.0.0
6 silly lifecycle vindinium-ai@1.0.0~pretest:watch: no script for pretest:watch, continuing
7 info lifecycle vindinium-ai@1.0.0~test:watch: vindinium-ai@1.0.0
8 verbose lifecycle vindinium-ai@1.0.0~test:watch: unsafe-perm in lifecycle true
9 verbose lifecycle vindinium-ai@1.0.0~test:watch: PATH: /Users/npiccolotto/.nvm/versions/v6.3.0/lib/node_modules/npm/bin/node-gyp-bin:/Users/npiccolotto/Projects/vinidium/node_modules/.bin:/Users/npiccolotto/.nvm/versions/v6.3.0/bin:/Users/npiccolotto/.rbenv/shims:/Users/npiccolotto/.nvm/versions/v6.3.0/bin:/usr/local/bin:/usr/local/sbin:/usr/bin:/bin:/usr/sbin:/sbin:/opt/local/bin/
10 verbose lifecycle vindinium-ai@1.0.0~test:watch: CWD: /Users/npiccolotto/Projects/vinidium
11 silly lifecycle vindinium-ai@1.0.0~test:watch: Args: [ '-c', 'mocha test --recursive --reporter dots --watch' ]
12 silly lifecycle vindinium-ai@1.0.0~test:watch: Returned: code: 1  signal: null
13 info lifecycle vindinium-ai@1.0.0~test:watch: Failed to exec test:watch script
14 verbose stack Error: vindinium-ai@1.0.0 test:watch: `mocha test --recursive --reporter dots --watch`
14 verbose stack Exit status 1
14 verbose stack     at EventEmitter.<anonymous> (/Users/npiccolotto/.nvm/versions/v6.3.0/lib/node_modules/npm/lib/utils/lifecycle.js:242:16)
14 verbose stack     at emitTwo (events.js:106:13)
14 verbose stack     at EventEmitter.emit (events.js:191:7)
14 verbose stack     at ChildProcess.<anonymous> (/Users/npiccolotto/.nvm/versions/v6.3.0/lib/node_modules/npm/lib/utils/spawn.js:40:14)
14 verbose stack     at emitTwo (events.js:106:13)
14 verbose stack     at ChildProcess.emit (events.js:191:7)
14 verbose stack     at maybeClose (internal/child_process.js:852:16)
14 verbose stack     at Process.ChildProcess._handle.onexit (internal/child_process.js:215:5)
15 verbose pkgid vindinium-ai@1.0.0
16 verbose cwd /Users/npiccolotto/Projects/vinidium
17 error Darwin 14.5.0
18 error argv "/Users/npiccolotto/.nvm/versions/v6.3.0/bin/node" "/Users/npiccolotto/.nvm/versions/v6.3.0/bin/npm" "run" "test:watch"
19 error node v6.3.0
20 error npm  v3.10.3
21 error code ELIFECYCLE
22 error vindinium-ai@1.0.0 test:watch: `mocha test --recursive --reporter dots --watch`
22 error Exit status 1
23 error Failed at the vindinium-ai@1.0.0 test:watch script 'mocha test --recursive --reporter dots --watch'.
23 error Make sure you have the latest version of node.js and npm installed.
23 error If you do, this is most likely a problem with the vindinium-ai package,
23 error not with npm itself.
23 error Tell the author that this fails on your system:
23 error     mocha test --recursive --reporter dots --watch
23 error You can get information on how to open an issue for this project with:
23 error     npm bugs vindinium-ai
23 error Or if that isn't available, you can get their info via:
23 error     npm owner ls vindinium-ai
23 error There is likely additional logging output above.
24 verbose exit [ 1, true ]
